  [1m[36m (1.2ms)[0m  [1mCREATE TABLE "schema_migrations" ("version" varchar NOT NULL) [0m
  [1m[35m (0.0ms)[0m  select sqlite_version(*)
  [1m[36m (1.0ms)[0m  [1mCREATE UNIQUE INDEX "unique_schema_migrations" ON "schema_migrations" ("version")[0m
  [1m[35mActiveRecord::SchemaMigration Load (0.1ms)[0m  SELECT "schema_migrations".* FROM "schema_migrations"
  [1m[36mActiveRecord::SchemaMigration Load (0.1ms)[0m  [1mSELECT "schema_migrations".* FROM "schema_migrations"[0m
Migrating to CreatePosts (20151230232412)
  [1m[35m (0.1ms)[0m  begin transaction
  [1m[36m (0.4ms)[0m  [1mCREATE TABLE "posts" ("id" INTEGER PRIMARY KEY AUTOINCREMENT NOT NULL, "title" varchar, "description" text, "created_at" datetime NOT NULL, "updated_at" datetime NOT NULL) [0m
  [1m[35mSQL (0.2ms)[0m  INSERT INTO "schema_migrations" ("version") VALUES (?)  [["version", "20151230232412"]]
  [1m[36m (1.3ms)[0m  [1mcommit transaction[0m
  [1m[35mActiveRecord::SchemaMigration Load (0.1ms)[0m  SELECT "schema_migrations".* FROM "schema_migrations"


Started GET "/posts/new" for ::1 at 2015-12-31 13:44:56 -0600
  [1m[36mActiveRecord::SchemaMigration Load (0.1ms)[0m  [1mSELECT "schema_migrations".* FROM "schema_migrations"[0m
Processing by PostsController#new as HTML
  Rendered posts/new.html.erb within layouts/application (2.1ms)
Completed 200 OK in 347ms (Views: 326.8ms | ActiveRecord: 0.2ms)


Started GET "/assets/application.self-e80e8f2318043e8af94dddc2adad5a4f09739a8ebb323b3ab31cd71d45fd9113.css?body=1" for ::1 at 2015-12-31 13:44:57 -0600


Started GET "/assets/application.self-3b8dabdc891efe46b9a144b400ad69e37d7e5876bdc39dee783419a69d7ca819.js?body=1" for ::1 at 2015-12-31 13:44:57 -0600


Started POST "/posts" for ::1 at 2015-12-31 13:45:03 -0600
Processing by PostsController#create as HTML
  Parameters: {"utf8"=>"✓", "authenticity_token"=>"mFCuNJP5reOW19phdr4zXRLzOMo4NZQ3wneiVR+RO/+owIoDiOxh24iHKkZ7DGazxbSIoRmvIOmJgA4gog1sGg==", "title"=>"Rails Introduction Quiz", "description"=>"asdfasdf", "commit"=>"Submit Post"}
  [1m[35m (0.1ms)[0m  begin transaction
  [1m[36mSQL (0.4ms)[0m  [1mINSERT INTO "posts" ("title", "description", "created_at", "updated_at") VALUES (?, ?, ?, ?)[0m  [["title", "Rails Introduction Quiz"], ["description", "asdfasdf"], ["created_at", "2015-12-31 19:45:03.614973"], ["updated_at", "2015-12-31 19:45:03.614973"]]
  [1m[35m (1.2ms)[0m  commit transaction
Redirected to http://localhost:3000/posts/1
Completed 302 Found in 22ms (ActiveRecord: 1.7ms)


Started GET "/posts/1" for ::1 at 2015-12-31 13:45:03 -0600
Processing by PostsController#show as HTML
  Parameters: {"id"=>"1"}
  [1m[36mPost Load (0.2ms)[0m  [1mSELECT  "posts".* FROM "posts" WHERE "posts"."id" = ? LIMIT 1[0m  [["id", 1]]
  Rendered posts/show.html.erb within layouts/application (0.4ms)
Completed 200 OK in 27ms (Views: 10.4ms | ActiveRecord: 0.2ms)
  [1m[36m (0.1ms)[0m  [1mbegin transaction[0m
  [1m[35mSQL (0.9ms)[0m  INSERT INTO "posts" ("title", "description", "created_at", "updated_at") VALUES (?, ?, ?, ?)  [["title", "Title Goes Here"], ["description", "Desc goes here..."], ["created_at", "2018-11-04 19:53:53.504337"], ["updated_at", "2018-11-04 19:53:53.504337"]]
  [1m[36m (0.8ms)[0m  [1mcommit transaction[0m
  [1m[35mPost Load (0.3ms)[0m  SELECT "posts".* FROM "posts"


Started GET "/pizzas" for ::1 at 2018-11-04 15:02:18 -0500
  [1m[36mActiveRecord::SchemaMigration Load (0.1ms)[0m  [1mSELECT "schema_migrations".* FROM "schema_migrations"[0m

ActionController::RoutingError (No route matches [GET] "/pizzas"):
  actionpack (4.2.10) lib/action_dispatch/middleware/debug_exceptions.rb:21:in `call'
  actionpack (4.2.10) lib/action_dispatch/middleware/show_exceptions.rb:30:in `call'
  railties (4.2.10) lib/rails/rack/logger.rb:38:in `call_app'
  railties (4.2.10) lib/rails/rack/logger.rb:20:in `block in call'
  activesupport (4.2.10) lib/active_support/tagged_logging.rb:68:in `block in tagged'
  activesupport (4.2.10) lib/active_support/tagged_logging.rb:26:in `tagged'
  activesupport (4.2.10) lib/active_support/tagged_logging.rb:68:in `tagged'
  railties (4.2.10) lib/rails/rack/logger.rb:20:in `call'
  actionpack (4.2.10) lib/action_dispatch/middleware/request_id.rb:21:in `call'
  rack (1.6.10) lib/rack/methodoverride.rb:22:in `call'
  rack (1.6.10) lib/rack/runtime.rb:18:in `call'
  activesupport (4.2.10) lib/active_support/cache/strategy/local_cache_middleware.rb:28:in `call'
  rack (1.6.10) lib/rack/lock.rb:17:in `call'
  actionpack (4.2.10) lib/action_dispatch/middleware/static.rb:120:in `call'
  rack (1.6.10) lib/rack/sendfile.rb:113:in `call'
  railties (4.2.10) lib/rails/engine.rb:518:in `call'
  railties (4.2.10) lib/rails/application.rb:165:in `call'
  rack (1.6.10) lib/rack/lock.rb:17:in `call'
  rack (1.6.10) lib/rack/content_length.rb:15:in `call'
  rack (1.6.10) lib/rack/handler/webrick.rb:88:in `service'
  /Users/ericlaitman/.rvm/rubies/ruby-2.3.3/lib/ruby/2.3.0/webrick/httpserver.rb:140:in `service'
  /Users/ericlaitman/.rvm/rubies/ruby-2.3.3/lib/ruby/2.3.0/webrick/httpserver.rb:96:in `run'
  /Users/ericlaitman/.rvm/rubies/ruby-2.3.3/lib/ruby/2.3.0/webrick/server.rb:296:in `block in start_thread'


  Rendered /Users/ericlaitman/.rvm/gems/ruby-2.3.3/gems/actionpack-4.2.10/lib/action_dispatch/middleware/templates/rescues/_trace.html.erb (1.2ms)
  Rendered /Users/ericlaitman/.rvm/gems/ruby-2.3.3/gems/actionpack-4.2.10/lib/action_dispatch/middleware/templates/routes/_route.html.erb (1.4ms)
  Rendered /Users/ericlaitman/.rvm/gems/ruby-2.3.3/gems/actionpack-4.2.10/lib/action_dispatch/middleware/templates/routes/_table.html.erb (9.4ms)
  Rendered /Users/ericlaitman/.rvm/gems/ruby-2.3.3/gems/actionpack-4.2.10/lib/action_dispatch/middleware/templates/rescues/_request_and_response.html.erb (17.2ms)
  Rendered /Users/ericlaitman/.rvm/gems/ruby-2.3.3/gems/actionpack-4.2.10/lib/action_dispatch/middleware/templates/rescues/routing_error.html.erb within rescues/layout (145.2ms)


Started GET "/posts" for ::1 at 2018-11-04 15:02:21 -0500
Processing by PostsController#index as HTML
  [1m[35mPost Load (0.1ms)[0m  SELECT "posts".* FROM "posts"
  Rendered posts/index.html.erb within layouts/application (4.1ms)
Completed 200 OK in 513ms (Views: 510.6ms | ActiveRecord: 0.4ms)


Started GET "/posts/new" for ::1 at 2018-11-04 15:02:59 -0500
Processing by PostsController#new as HTML
  Rendered posts/new.html.erb within layouts/application (2.2ms)
Completed 200 OK in 30ms (Views: 29.3ms | ActiveRecord: 0.0ms)


Started POST "/posts" for ::1 at 2018-11-04 15:03:12 -0500

AbstractController::ActionNotFound (The action 'create' could not be found for PostsController):
  actionpack (4.2.10) lib/abstract_controller/base.rb:132:in `process'
  actionview (4.2.10) lib/action_view/rendering.rb:30:in `process'
  actionpack (4.2.10) lib/action_controller/metal.rb:196:in `dispatch'
  actionpack (4.2.10) lib/action_controller/metal/rack_delegation.rb:13:in `dispatch'
  actionpack (4.2.10) lib/action_controller/metal.rb:237:in `block in action'
  actionpack (4.2.10) lib/action_dispatch/routing/route_set.rb:74:in `dispatch'
  actionpack (4.2.10) lib/action_dispatch/routing/route_set.rb:43:in `serve'
  actionpack (4.2.10) lib/action_dispatch/journey/router.rb:43:in `block in serve'
  actionpack (4.2.10) lib/action_dispatch/journey/router.rb:30:in `each'
  actionpack (4.2.10) lib/action_dispatch/journey/router.rb:30:in `serve'
  actionpack (4.2.10) lib/action_dispatch/routing/route_set.rb:817:in `call'
  rack (1.6.10) lib/rack/etag.rb:24:in `call'
  rack (1.6.10) lib/rack/conditionalget.rb:38:in `call'
  rack (1.6.10) lib/rack/head.rb:13:in `call'
  actionpack (4.2.10) lib/action_dispatch/middleware/params_parser.rb:27:in `call'
  actionpack (4.2.10) lib/action_dispatch/middleware/flash.rb:260:in `call'
  rack (1.6.10) lib/rack/session/abstract/id.rb:225:in `context'
  rack (1.6.10) lib/rack/session/abstract/id.rb:220:in `call'
  actionpack (4.2.10) lib/action_dispatch/middleware/cookies.rb:560:in `call'
  activerecord (4.2.10) lib/active_record/query_cache.rb:36:in `call'
  activerecord (4.2.10) lib/active_record/connection_adapters/abstract/connection_pool.rb:653:in `call'
  activerecord (4.2.10) lib/active_record/migration.rb:377:in `call'
  actionpack (4.2.10) lib/action_dispatch/middleware/callbacks.rb:29:in `block in call'
  activesupport (4.2.10) lib/active_support/callbacks.rb:88:in `__run_callbacks__'
  activesupport (4.2.10) lib/active_support/callbacks.rb:778:in `_run_call_callbacks'
  activesupport (4.2.10) lib/active_support/callbacks.rb:81:in `run_callbacks'
  actionpack (4.2.10) lib/action_dispatch/middleware/callbacks.rb:27:in `call'
  actionpack (4.2.10) lib/action_dispatch/middleware/reloader.rb:73:in `call'
  actionpack (4.2.10) lib/action_dispatch/middleware/remote_ip.rb:78:in `call'
  actionpack (4.2.10) lib/action_dispatch/middleware/debug_exceptions.rb:17:in `call'
  actionpack (4.2.10) lib/action_dispatch/middleware/show_exceptions.rb:30:in `call'
  railties (4.2.10) lib/rails/rack/logger.rb:38:in `call_app'
  railties (4.2.10) lib/rails/rack/logger.rb:20:in `block in call'
  activesupport (4.2.10) lib/active_support/tagged_logging.rb:68:in `block in tagged'
  activesupport (4.2.10) lib/active_support/tagged_logging.rb:26:in `tagged'
  activesupport (4.2.10) lib/active_support/tagged_logging.rb:68:in `tagged'
  railties (4.2.10) lib/rails/rack/logger.rb:20:in `call'
  actionpack (4.2.10) lib/action_dispatch/middleware/request_id.rb:21:in `call'
  rack (1.6.10) lib/rack/methodoverride.rb:22:in `call'
  rack (1.6.10) lib/rack/runtime.rb:18:in `call'
  activesupport (4.2.10) lib/active_support/cache/strategy/local_cache_middleware.rb:28:in `call'
  rack (1.6.10) lib/rack/lock.rb:17:in `call'
  actionpack (4.2.10) lib/action_dispatch/middleware/static.rb:120:in `call'
  rack (1.6.10) lib/rack/sendfile.rb:113:in `call'
  railties (4.2.10) lib/rails/engine.rb:518:in `call'
  railties (4.2.10) lib/rails/application.rb:165:in `call'
  rack (1.6.10) lib/rack/lock.rb:17:in `call'
  rack (1.6.10) lib/rack/content_length.rb:15:in `call'
  rack (1.6.10) lib/rack/handler/webrick.rb:88:in `service'
  /Users/ericlaitman/.rvm/rubies/ruby-2.3.3/lib/ruby/2.3.0/webrick/httpserver.rb:140:in `service'
  /Users/ericlaitman/.rvm/rubies/ruby-2.3.3/lib/ruby/2.3.0/webrick/httpserver.rb:96:in `run'
  /Users/ericlaitman/.rvm/rubies/ruby-2.3.3/lib/ruby/2.3.0/webrick/server.rb:296:in `block in start_thread'


  Rendered /Users/ericlaitman/.rvm/gems/ruby-2.3.3/gems/actionpack-4.2.10/lib/action_dispatch/middleware/templates/rescues/unknown_action.html.erb within rescues/layout (0.4ms)
  [1m[36mPost Load (0.1ms)[0m  [1mSELECT  "posts".* FROM "posts"  ORDER BY "posts"."id" DESC LIMIT 1[0m
  [1m[35mPost Load (0.2ms)[0m  SELECT  "posts".* FROM "posts"  ORDER BY "posts"."id" DESC LIMIT 1


Started GET "/posts/new" for ::1 at 2018-11-04 15:07:48 -0500
  [1m[36mActiveRecord::SchemaMigration Load (0.2ms)[0m  [1mSELECT "schema_migrations".* FROM "schema_migrations"[0m

SyntaxError (/Users/ericlaitman/dev2/rails-create-action-readme-nyc-web-100818/app/controllers/posts_controller.rb:23: syntax error, unexpected '<', expecting keyword_end
  <%= form_tag posts_path do %>
   ^
/Users/ericlaitman/dev2/rails-create-action-readme-nyc-web-100818/app/controllers/posts_controller.rb:25: syntax error, unexpected tIDENTIFIER, expecting keyword_end
    <%= text_field_tag :title %><br>
                      ^
/Users/ericlaitman/dev2/rails-create-action-readme-nyc-web-100818/app/controllers/posts_controller.rb:27: syntax error, unexpected '<', expecting keyword_end
    <label>Post Description</label><br>
     ^
/Users/ericlaitman/dev2/rails-create-action-readme-nyc-web-100818/app/controllers/posts_controller.rb:27: syntax error, unexpected tCONSTANT, expecting keyword_do or '{' or '('
    <label>Post Description</label><br>
                           ^
/Users/ericlaitman/dev2/rails-create-action-readme-nyc-web-100818/app/controllers/posts_controller.rb:27: unterminated regexp meets end of file
/Users/ericlaitman/dev2/rails-create-action-readme-nyc-web-100818/app/controllers/posts_controller.rb:27: syntax error, unexpected end-of-input, expecting keyword_end):
  app/controllers/posts_controller.rb:23: syntax error, unexpected '<', expecting keyword_end
  app/controllers/posts_controller.rb:25: syntax error, unexpected tIDENTIFIER, expecting keyword_end
  app/controllers/posts_controller.rb:27: syntax error, unexpected '<', expecting keyword_end
  app/controllers/posts_controller.rb:27: syntax error, unexpected tCONSTANT, expecting keyword_do or '{' or '('
  app/controllers/posts_controller.rb:27: unterminated regexp meets end of file
  app/controllers/posts_controller.rb:27: syntax error, unexpected end-of-input, expecting keyword_end


  Rendered /Users/ericlaitman/.rvm/gems/ruby-2.3.3/gems/actionpack-4.2.10/lib/action_dispatch/middleware/templates/rescues/_source.erb (3.9ms)
  Rendered /Users/ericlaitman/.rvm/gems/ruby-2.3.3/gems/actionpack-4.2.10/lib/action_dispatch/middleware/templates/rescues/_trace.html.erb (2.1ms)
  Rendered /Users/ericlaitman/.rvm/gems/ruby-2.3.3/gems/actionpack-4.2.10/lib/action_dispatch/middleware/templates/rescues/_request_and_response.html.erb (11.2ms)
  Rendered /Users/ericlaitman/.rvm/gems/ruby-2.3.3/gems/actionpack-4.2.10/lib/action_dispatch/middleware/templates/rescues/diagnostics.html.erb within rescues/layout (115.8ms)


Started GET "/posts/new" for ::1 at 2018-11-04 15:08:35 -0500
Processing by PostsController#new as HTML
  Rendered posts/new.html.erb within layouts/application (1.9ms)
Completed 200 OK in 330ms (Views: 319.8ms | ActiveRecord: 0.7ms)


Started POST "/posts" for ::1 at 2018-11-04 15:08:44 -0500
Processing by PostsController#create as HTML
  Parameters: {"utf8"=>"✓", "authenticity_token"=>"2PD9QcyYNnEeGUiOZWituJUmtkuoTZpc03E+HsiYked7VM5Ddzji0VKll+Ua3yR1YnTU4dItloKcFxrEH/i8/Q==", "title"=>"Bigelife", "description"=>"this stuff\r\n", "commit"=>"Submit Post"}
  [1m[35m (0.2ms)[0m  begin transaction
  [1m[36mSQL (0.9ms)[0m  [1mINSERT INTO "posts" ("title", "description", "created_at", "updated_at") VALUES (?, ?, ?, ?)[0m  [["title", "Bigelife"], ["description", "this stuff\r\n"], ["created_at", "2018-11-04 20:08:44.120844"], ["updated_at", "2018-11-04 20:08:44.120844"]]
  [1m[35m (0.7ms)[0m  commit transaction
Redirected to http://localhost:3000/posts/3
Completed 302 Found in 8ms (ActiveRecord: 1.8ms)


Started GET "/posts/3" for ::1 at 2018-11-04 15:08:44 -0500
Processing by PostsController#show as HTML
  Parameters: {"id"=>"3"}
  [1m[36mPost Load (0.2ms)[0m  [1mSELECT  "posts".* FROM "posts" WHERE "posts"."id" = ? LIMIT 1[0m  [["id", 3]]
  Rendered posts/show.html.erb within layouts/application (0.5ms)
Completed 200 OK in 28ms (Views: 16.6ms | ActiveRecord: 0.2ms)


Started GET "/posts/3" for ::1 at 2018-11-04 15:09:51 -0500
Processing by PostsController#show as HTML
  Parameters: {"id"=>"3"}
  [1m[35mPost Load (0.2ms)[0m  SELECT  "posts".* FROM "posts" WHERE "posts"."id" = ? LIMIT 1  [["id", 3]]
  Rendered posts/show.html.erb within layouts/application (0.2ms)
Completed 200 OK in 27ms (Views: 20.6ms | ActiveRecord: 0.6ms)


Started GET "/posts/new" for ::1 at 2018-11-04 15:09:55 -0500
Processing by PostsController#new as HTML
  Rendered posts/new.html.erb within layouts/application (0.6ms)
Completed 200 OK in 24ms (Views: 22.8ms | ActiveRecord: 0.0ms)


Started POST "/posts" for ::1 at 2018-11-04 15:10:04 -0500
Processing by PostsController#create as HTML
  Parameters: {"utf8"=>"✓", "authenticity_token"=>"vo4WokLGnoSLUKN3vUSiXdWl5YdRrKKaFxsvZUcsjZUdKiWg+WZKJMfsfBzC8yuQIveHLSvMrkRYfQu/kEygjw==", "title"=>"love", "description"=>"my life", "commit"=>"Submit Post"}
  [1m[36m (0.1ms)[0m  [1mbegin transaction[0m
  [1m[35mSQL (0.9ms)[0m  INSERT INTO "posts" ("title", "description", "created_at", "updated_at") VALUES (?, ?, ?, ?)  [["title", "love"], ["description", "my life"], ["created_at", "2018-11-04 20:10:04.550616"], ["updated_at", "2018-11-04 20:10:04.550616"]]
  [1m[36m (0.8ms)[0m  [1mcommit transaction[0m
Completed 500 Internal Server Error in 6ms (ActiveRecord: 1.8ms)

ActionController::UrlGenerationError (No route matches {:action=>"show", :controller=>"posts", :id=>nil} missing required keys: [:id]):
  app/controllers/posts_controller.rb:20:in `create'


  Rendered /Users/ericlaitman/.rvm/gems/ruby-2.3.3/gems/actionpack-4.2.10/lib/action_dispatch/middleware/templates/rescues/_source.erb (19.7ms)
  Rendered /Users/ericlaitman/.rvm/gems/ruby-2.3.3/gems/actionpack-4.2.10/lib/action_dispatch/middleware/templates/rescues/_trace.html.erb (3.9ms)
  Rendered /Users/ericlaitman/.rvm/gems/ruby-2.3.3/gems/actionpack-4.2.10/lib/action_dispatch/middleware/templates/rescues/_request_and_response.html.erb (1.7ms)
  Rendered /Users/ericlaitman/.rvm/gems/ruby-2.3.3/gems/actionpack-4.2.10/lib/action_dispatch/middleware/templates/rescues/diagnostics.html.erb within rescues/layout (115.5ms)


Started POST "/posts" for ::1 at 2018-11-04 15:10:42 -0500
Processing by PostsController#create as HTML
  Parameters: {"utf8"=>"✓", "authenticity_token"=>"vo4WokLGnoSLUKN3vUSiXdWl5YdRrKKaFxsvZUcsjZUdKiWg+WZKJMfsfBzC8yuQIveHLSvMrkRYfQu/kEygjw==", "title"=>"love", "description"=>"my life", "commit"=>"Submit Post"}
  [1m[35m (0.1ms)[0m  begin transaction
  [1m[36mSQL (0.8ms)[0m  [1mINSERT INTO "posts" ("title", "description", "created_at", "updated_at") VALUES (?, ?, ?, ?)[0m  [["title", "love"], ["description", "my life"], ["created_at", "2018-11-04 20:10:42.666379"], ["updated_at", "2018-11-04 20:10:42.666379"]]
  [1m[35m (1.6ms)[0m  commit transaction
Redirected to http://localhost:3000/posts/5
Completed 302 Found in 14ms (ActiveRecord: 2.9ms)


Started GET "/posts/5" for ::1 at 2018-11-04 15:10:42 -0500
Processing by PostsController#show as HTML
  Parameters: {"id"=>"5"}
  [1m[36mPost Load (0.2ms)[0m  [1mSELECT  "posts".* FROM "posts" WHERE "posts"."id" = ? LIMIT 1[0m  [["id", 5]]
  Rendered posts/show.html.erb within layouts/application (0.2ms)
Completed 200 OK in 37ms (Views: 34.8ms | ActiveRecord: 0.2ms)
